<?xml version="1.0" encoding="UTF-8" ?>
<testsuites>
  <testsuite errors="0" failures="0" hostname="MacBook-Pro.local" id="0" name="GateInfoDatabaseTest" package="Test" skipped="0" tests="7" time="0.071" timestamp="2022-04-02T09:42:44">
      <properties>
[...]
</properties>

      <testcase classname="Test.GateInfoDatabaseTest" name="validateMcodeTest" time="0.009" />

      <testcase classname="Test.GateInfoDatabaseTest" name="validateGetStatusesTest" time="0.001" />

      <testcase classname="Test.GateInfoDatabaseTest" name="validatemaxGateNumberTest" time="0.0" />

      <testcase classname="Test.GateInfoDatabaseTest" name="validateGetStatusTest" time="0.0" />

      <testcase classname="Test.GateInfoDatabaseTest" name="validateDockTest" time="0.0" />

      <testcase classname="Test.GateInfoDatabaseTest" name="validateDepartedTest" time="0.0" />

      <testcase classname="Test.GateInfoDatabaseTest" name="validateGetStringStatusTest" time="0.006" />

      <system-out><![CDATA[]]></system-out>

      <system-err><![CDATA[]]></system-err>

  </testsuite>
</testsuites>
